# JRE version: OpenJDK Runtime Environment (21.0.9) (build 21.0.9+-14649483-b1163.86)
# Java VM: OpenJDK 64-Bit Server VM (21.0.9+-14649483-b1163.86, mixed mode, tiered, compressed oops, compressed class ptrs, g1 gc, windows-amd64)
GC Precious Log:
 CardTable entry size: 512
 Card Set container configuration: InlinePtr #cards 4 size 8 Array Of Cards #cards 16 size 48 Howl #buckets 8 coarsen threshold 3686 Howl Bitmap #cards 512 size 80 coarsen threshold 460 Card regions per heap region 1 cards per card region 4096
 CPUs: 20 total, 20 available
 Memory: 16058M
 Large Page Support: Disabled
 NUMA Support: Disabled
 Compressed Oops: Enabled (Zero based)
 Heap Region Size: 2M
 Heap Min Capacity: 8M
 Heap Initial Capacity: 252M
 Heap Max Capacity: 4016M
 Pre-touch: Disabled
 Parallel Workers: 15
 Concurrent Workers: 4
 Concurrent Refinement Workers: 15
 Periodic GC: Disabled
Heap:
 garbage-first heap   total 159744K, used 106666K [0x0000000705000000, 0x0000000800000000)
  region size 2048K, 8 young (16384K), 3 survivors (6144K)
 Metaspace       used 69789K, committed 70144K, reserved 1114112K
  class space    used 7690K, committed 7872K, reserved 1048576K
GC Heap History (20 events):
Event: 2.027 GC heap before
{Heap before GC invocations=11 (full 0):
 garbage-first heap   total 98304K, used 73689K [0x0000000705000000, 0x0000000800000000)
  region size 2048K, 21 young (43008K), 4 survivors (8192K)
 Metaspace       used 55224K, committed 55552K, reserved 1114112K
  class space    used 6433K, committed 6592K, reserved 1048576K
}
Event: 2.036 GC heap after
{Heap after GC invocations=12 (full 0):
 garbage-first heap   total 98304K, used 50923K [0x0000000705000000, 0x0000000800000000)
  region size 2048K, 3 young (6144K), 3 survivors (6144K)
 Metaspace       used 55224K, committed 55552K, reserved 1114112K
  class space    used 6433K, committed 6592K, reserved 1048576K
}
Event: 2.145 GC heap before
{Heap before GC invocations=12 (full 0):
 garbage-first heap   total 98304K, used 77547K [0x0000000705000000, 0x0000000800000000)
  region size 2048K, 16 young (32768K), 3 survivors (6144K)
 Metaspace       used 55594K, committed 55872K, reserved 1114112K
  class space    used 6454K, committed 6592K, reserved 1048576K
}
Event: 2.151 GC heap after
{Heap after GC invocations=13 (full 0):
 garbage-first heap   total 124928K, used 58325K [0x0000000705000000, 0x0000000800000000)
  region size 2048K, 2 young (4096K), 2 survivors (4096K)
 Metaspace       used 55594K, committed 55872K, reserved 1114112K
  class space    used 6454K, committed 6592K, reserved 1048576K
}
Event: 2.575 GC heap before
{Heap before GC invocations=14 (full 0):
 garbage-first heap   total 124928K, used 97237K [0x0000000705000000, 0x0000000800000000)
  region size 2048K, 21 young (43008K), 2 survivors (4096K)
 Metaspace       used 60891K, committed 61184K, reserved 1114112K
  class space    used 7026K, committed 7168K, reserved 1048576K
}
Event: 2.583 GC heap after
{Heap after GC invocations=15 (full 0):
 garbage-first heap   total 124928K, used 65536K [0x0000000705000000, 0x0000000800000000)
  region size 2048K, 3 young (6144K), 3 survivors (6144K)
 Metaspace       used 60891K, committed 61184K, reserved 1114112K
  class space    used 7026K, committed 7168K, reserved 1048576K
}
Event: 2.875 GC heap before
{Heap before GC invocations=15 (full 0):
 garbage-first heap   total 124928K, used 100352K [0x0000000705000000, 0x0000000800000000)
  region size 2048K, 20 young (40960K), 3 survivors (6144K)
 Metaspace       used 62453K, committed 62720K, reserved 1114112K
  class space    used 7170K, committed 7296K, reserved 1048576K
}
Event: 2.886 GC heap after
{Heap after GC invocations=16 (full 0):
 garbage-first heap   total 124928K, used 71680K [0x0000000705000000, 0x0000000800000000)
  region size 2048K, 3 young (6144K), 3 survivors (6144K)
 Metaspace       used 62453K, committed 62720K, reserved 1114112K
  class space    used 7170K, committed 7296K, reserved 1048576K
}
Event: 3.178 GC heap before
{Heap before GC invocations=16 (full 0):
 garbage-first heap   total 124928K, used 104448K [0x0000000705000000, 0x0000000800000000)
  region size 2048K, 19 young (38912K), 3 survivors (6144K)
 Metaspace       used 63339K, committed 63680K, reserved 1114112K
  class space    used 7229K, committed 7360K, reserved 1048576K
}
Event: 3.186 GC heap after
{Heap after GC invocations=17 (full 0):
 garbage-first heap   total 124928K, used 78518K [0x0000000705000000, 0x0000000800000000)
  region size 2048K, 3 young (6144K), 3 survivors (6144K)
 Metaspace       used 63339K, committed 63680K, reserved 1114112K
  class space    used 7229K, committed 7360K, reserved 1048576K
}
Event: 3.468 GC heap before
{Heap before GC invocations=18 (full 0):
 garbage-first heap   total 133120K, used 107190K [0x0000000705000000, 0x0000000800000000)
  region size 2048K, 17 young (34816K), 3 survivors (6144K)
 Metaspace       used 64005K, committed 64320K, reserved 1114112K
  class space    used 7274K, committed 7424K, reserved 1048576K
}
Event: 3.473 GC heap after
{Heap after GC invocations=19 (full 0):
 garbage-first heap   total 133120K, used 82691K [0x0000000705000000, 0x0000000800000000)
  region size 2048K, 2 young (4096K), 2 survivors (4096K)
 Metaspace       used 64005K, committed 64320K, reserved 1114112K
  class space    used 7274K, committed 7424K, reserved 1048576K
}
Event: 3.737 GC heap before
{Heap before GC invocations=19 (full 0):
 garbage-first heap   total 133120K, used 115459K [0x0000000705000000, 0x0000000800000000)
  region size 2048K, 18 young (36864K), 2 survivors (4096K)
 Metaspace       used 64411K, committed 64704K, reserved 1114112K
  class space    used 7297K, committed 7424K, reserved 1048576K
}
Event: 3.741 GC heap after
{Heap after GC invocations=20 (full 0):
 garbage-first heap   total 133120K, used 85770K [0x0000000705000000, 0x0000000800000000)
  region size 2048K, 2 young (4096K), 2 survivors (4096K)
 Metaspace       used 64411K, committed 64704K, reserved 1114112K
  class space    used 7297K, committed 7424K, reserved 1048576K
}
Event: 3.988 GC heap before
{Heap before GC invocations=20 (full 0):
 garbage-first heap   total 133120K, used 116490K [0x0000000705000000, 0x0000000800000000)
  region size 2048K, 17 young (34816K), 2 survivors (4096K)
 Metaspace       used 64616K, committed 64960K, reserved 1114112K
  class space    used 7302K, committed 7488K, reserved 1048576K
}
Event: 3.992 GC heap after
{Heap after GC invocations=21 (full 0):
 garbage-first heap   total 159744K, used 88625K [0x0000000705000000, 0x0000000800000000)
  region size 2048K, 2 young (4096K), 2 survivors (4096K)
 Metaspace       used 64616K, committed 64960K, reserved 1114112K
  class space    used 7302K, committed 7488K, reserved 1048576K
}
Event: 4.328 GC heap before
{Heap before GC invocations=22 (full 0):
 garbage-first heap   total 159744K, used 135729K [0x0000000705000000, 0x0000000800000000)
  region size 2048K, 25 young (51200K), 2 survivors (4096K)
 Metaspace       used 65802K, committed 66176K, reserved 1114112K
  class space    used 7369K, committed 7552K, reserved 1048576K
}
Event: 4.333 GC heap after
{Heap after GC invocations=23 (full 0):
 garbage-first heap   total 159744K, used 94066K [0x0000000705000000, 0x0000000800000000)
  region size 2048K, 4 young (8192K), 4 survivors (8192K)
 Metaspace       used 65802K, committed 66176K, reserved 1114112K
  class space    used 7369K, committed 7552K, reserved 1048576K
}
Event: 4.928 GC heap before
{Heap before GC invocations=23 (full 0):
 garbage-first heap   total 159744K, used 141170K [0x0000000705000000, 0x0000000800000000)
  region size 2048K, 27 young (55296K), 4 survivors (8192K)
 Metaspace       used 69611K, committed 69888K, reserved 1114112K
  class space    used 7687K, committed 7808K, reserved 1048576K
}
Event: 4.936 GC heap after
{Heap after GC invocations=24 (full 0):
 garbage-first heap   total 159744K, used 98474K [0x0000000705000000, 0x0000000800000000)
  region size 2048K, 3 young (6144K), 3 survivors (6144K)
 Metaspace       used 69611K, committed 69888K, reserved 1114112K
  class space    used 7687K, committed 7808K, reserved 1048576K
}

